<?xml version="1.0" encoding="UTF-8"?>
<!-- Generated by org.testng.reporters.JUnitXMLReporter -->
<testsuite ignored="0" hostname="Giridhars-MacBook-Pro.local" failures="0" tests="4" name="Default test" time="0.978" errors="0" timestamp="2021-01-01T19:51:10 GMT">
  <testcase classname="com.gt.tests.FilloTest" name="addData" time="0.225"/>
  <testcase classname="com.gt.tests.FilloTest" name="extractData" time="0.041"/>
  <testcase classname="com.gt.tests.FilloTest" name="removeData" time="0.058"/>
  <testcase classname="com.gt.tests.FilloTest" name="writeData" time="0.049"/>
</testsuite> <!-- Default test -->
