<?xml version="1.0" encoding="UTF-8"?>
<!-- Generated by org.testng.reporters.JUnitXMLReporter -->
<testsuite ignored="3" hostname="Giridhars-MBP" failures="0" tests="1" name="Default test" time="0.651" errors="0" timestamp="2020-12-25T12:59:11 GMT">
  <testcase classname="com.gt.tests.FilloTest" name="removeData" time="0.23"/>
  <testcase classname="com.gt.tests.FilloTest" name="extractData" time="0.0">
    <ignored/>
  </testcase> <!-- extractData -->
  <testcase classname="com.gt.tests.FilloTest" name="writeData" time="0.0">
    <ignored/>
  </testcase> <!-- writeData -->
  <testcase classname="com.gt.tests.FilloTest" name="addData" time="0.0">
    <ignored/>
  </testcase> <!-- addData -->
</testsuite> <!-- Default test -->
