<?xml version="1.0" encoding="UTF-8"?>
<testng-results ignored="3" total="4" passed="1" failed="0" skipped="0">
  <reporter-output>
  </reporter-output>
  <suite started-at="2020-12-25T12:59:10 GMT" name="Default suite" finished-at="2020-12-25T12:59:11 GMT" duration-ms="651">
    <groups>
    </groups>
    <test started-at="2020-12-25T12:59:10 GMT" name="Default test" finished-at="2020-12-25T12:59:11 GMT" duration-ms="651">
      <class name="com.gt.tests.FilloTest">
        <test-method is-config="true" signature="beforeTest()[pri:0, instance:com.gt.tests.FilloTest@236e3f4e]" started-at="2020-12-25T12:59:10 GMT" name="beforeTest" finished-at="2020-12-25T12:59:11 GMT" duration-ms="401" status="PASS">
          <reporter-output>
          </reporter-output>
        </test-method> <!-- beforeTest -->
        <test-method signature="removeData()[pri:0, instance:com.gt.tests.FilloTest@236e3f4e]" started-at="2020-12-25T12:59:11 GMT" name="removeData" finished-at="2020-12-25T12:59:11 GMT" duration-ms="230" status="PASS">
          <reporter-output>
          </reporter-output>
        </test-method> <!-- removeData -->
      </class> <!-- com.gt.tests.FilloTest -->
    </test> <!-- Default test -->
  </suite> <!-- Default suite -->
</testng-results>
