<?xml version="1.0" encoding="UTF-8"?>
<testng-results ignored="0" total="4" passed="4" failed="0" skipped="0">
  <reporter-output>
  </reporter-output>
  <suite started-at="2021-01-01T19:51:09 GMT" name="Default suite" finished-at="2021-01-01T19:51:09 GMT" duration-ms="978">
    <groups>
    </groups>
    <test started-at="2021-01-01T19:51:09 GMT" name="Default test" finished-at="2021-01-01T19:51:09 GMT" duration-ms="978">
      <class name="com.gt.tests.FilloTest">
        <test-method is-config="true" signature="beforeTest()[pri:0, instance:com.gt.tests.FilloTest@73eb439a]" started-at="2021-01-01T19:51:09 GMT" name="beforeTest" finished-at="2021-01-01T19:51:09 GMT" duration-ms="576" status="PASS">
          <reporter-output>
          </reporter-output>
        </test-method> <!-- beforeTest -->
        <test-method signature="addData()[pri:0, instance:com.gt.tests.FilloTest@73eb439a]" started-at="2021-01-01T19:51:09 GMT" name="addData" finished-at="2021-01-01T19:51:09 GMT" duration-ms="225" status="PASS">
          <reporter-output>
          </reporter-output>
        </test-method> <!-- addData -->
        <test-method signature="extractData()[pri:0, instance:com.gt.tests.FilloTest@73eb439a]" started-at="2021-01-01T19:51:09 GMT" name="extractData" finished-at="2021-01-01T19:51:09 GMT" duration-ms="41" status="PASS">
          <reporter-output>
          </reporter-output>
        </test-method> <!-- extractData -->
        <test-method signature="removeData()[pri:0, instance:com.gt.tests.FilloTest@73eb439a]" started-at="2021-01-01T19:51:09 GMT" name="removeData" finished-at="2021-01-01T19:51:09 GMT" duration-ms="58" status="PASS">
          <reporter-output>
          </reporter-output>
        </test-method> <!-- removeData -->
        <test-method signature="writeData()[pri:0, instance:com.gt.tests.FilloTest@73eb439a]" started-at="2021-01-01T19:51:09 GMT" name="writeData" finished-at="2021-01-01T19:51:09 GMT" duration-ms="49" status="PASS">
          <reporter-output>
          </reporter-output>
        </test-method> <!-- writeData -->
        <test-method is-config="true" signature="afterSuite()[pri:0, instance:com.gt.tests.FilloTest@73eb439a]" started-at="2021-01-01T19:51:10 GMT" name="afterSuite" finished-at="2021-01-01T19:51:10 GMT" duration-ms="258" status="PASS">
          <reporter-output>
          </reporter-output>
        </test-method> <!-- afterSuite -->
      </class> <!-- com.gt.tests.FilloTest -->
    </test> <!-- Default test -->
  </suite> <!-- Default suite -->
</testng-results>
